<?xml version="1.0" encoding="UTF-8"?>
<testsuite xmlns:xsi="http://www.w3.org/2001/XMLSchema-instance" xsi:noNamespaceSchemaLocation="https://maven.apache.org/surefire/maven-surefire-plugin/xsd/surefire-test-report-3.0.xsd" version="3.0" name="TestSuite" time="26.04" tests="1" errors="0" skipped="0" failures="1">
  <properties>
[...]
</properties>
  <testcase name="runScenario[&quot;Successfull Login Test with valid credentials&quot;, &quot;Login Functionality&quot;](1)" classname="testRun.LoginRun" time="24.778">
    <failure message="no such element: Unable to locate element: {&quot;method&quot;:&quot;xpath&quot;,&quot;selector&quot;:&quot;//p[contains(text(),&apos;Family Invitations&apos;)]&quot;}&#10;  (Session info: chrome=110.0.5481.177)&#10;For documentation on this error, please visit: https://selenium.dev/exceptions/#no_such_element&#10;Build info: version: &apos;4.2.1&apos;, revision: &apos;ac4d0fdd4a&apos;&#10;System info: host: &apos;DESKTOP-3824BQ8&apos;, ip: &apos;192.168.1.8&apos;, os.name: &apos;Windows 10&apos;, os.arch: &apos;amd64&apos;, os.version: &apos;10.0&apos;, java.version: &apos;17.0.5&apos;&#10;Driver info: org.openqa.selenium.chrome.ChromeDriver&#10;Command: [c181734cfde7ca09b32e3455410526a5, findElement {using=xpath, value=//p[contains(text(),&apos;Family Invitations&apos;)]}]&#10;Capabilities {acceptInsecureCerts: false, browserName: chrome, browserVersion: 110.0.5481.177, chrome: {chromedriverVersion: 110.0.5481.77 (65ed616c6e8e..., userDataDir: C:\Program Files (x86)\scop...}, goog:chromeOptions: {debuggerAddress: localhost:54005}, networkConnectionEnabled: false, pageLoadStrategy: normal, platformName: WINDOWS, proxy: Proxy(), se:cdp: ws://localhost:54005/devtoo..., se:cdpVersion: 110.0.5481.177, setWindowRect: true, strictFileInteractability: false, timeouts: {implicit: 0, pageLoad: 300000, script: 30000}, unhandledPromptBehavior: dismiss and notify, webauthn:extension:credBlob: true, webauthn:extension:largeBlob: true, webauthn:virtualAuthenticators: true}&#10;Session ID: c181734cfde7ca09b32e3455410526a5" type="org.openqa.selenium.NoSuchElementException"><![CDATA[org.openqa.selenium.NoSuchElementException: 
no such element: Unable to locate element: {"method":"xpath","selector":"//p[contains(text(),'Family Invitations')]"}
  (Session info: chrome=110.0.5481.177)
For documentation on this error, please visit: https://selenium.dev/exceptions/#no_such_element
Build info: version: '4.2.1', revision: 'ac4d0fdd4a'
System info: host: 'DESKTOP-3824BQ8', ip: '192.168.1.8', os.name: 'Windows 10', os.arch: 'amd64', os.version: '10.0', java.version: '17.0.5'
Driver info: org.openqa.selenium.chrome.ChromeDriver
Command: [c181734cfde7ca09b32e3455410526a5, findElement {using=xpath, value=//p[contains(text(),'Family Invitations')]}]
Capabilities {acceptInsecureCerts: false, browserName: chrome, browserVersion: 110.0.5481.177, chrome: {chromedriverVersion: 110.0.5481.77 (65ed616c6e8e..., userDataDir: C:\Program Files (x86)\scop...}, goog:chromeOptions: {debuggerAddress: localhost:54005}, networkConnectionEnabled: false, pageLoadStrategy: normal, platformName: WINDOWS, proxy: Proxy(), se:cdp: ws://localhost:54005/devtoo..., se:cdpVersion: 110.0.5481.177, setWindowRect: true, strictFileInteractability: false, timeouts: {implicit: 0, pageLoad: 300000, script: 30000}, unhandledPromptBehavior: dismiss and notify, webauthn:extension:credBlob: true, webauthn:extension:largeBlob: true, webauthn:virtualAuthenticators: true}
Session ID: c181734cfde7ca09b32e3455410526a5
	at java.base/jdk.internal.reflect.NativeConstructorAccessorImpl.newInstance0(Native Method)
	at java.base/jdk.internal.reflect.NativeConstructorAccessorImpl.newInstance(NativeConstructorAccessorImpl.java:77)
	at java.base/jdk.internal.reflect.DelegatingConstructorAccessorImpl.newInstance(DelegatingConstructorAccessorImpl.java:45)
	at java.base/java.lang.reflect.Constructor.newInstanceWithCaller(Constructor.java:499)
	at java.base/java.lang.reflect.Constructor.newInstance(Constructor.java:480)
	at org.openqa.selenium.remote.codec.w3c.W3CHttpResponseCodec.createException(W3CHttpResponseCodec.java:200)
	at org.openqa.selenium.remote.codec.w3c.W3CHttpResponseCodec.decode(W3CHttpResponseCodec.java:133)
	at org.openqa.selenium.remote.codec.w3c.W3CHttpResponseCodec.decode(W3CHttpResponseCodec.java:53)
	at org.openqa.selenium.remote.HttpCommandExecutor.execute(HttpCommandExecutor.java:184)
	at org.openqa.selenium.remote.service.DriverCommandExecutor.invokeExecute(DriverCommandExecutor.java:167)
	at org.openqa.selenium.remote.service.DriverCommandExecutor.execute(DriverCommandExecutor.java:142)
	at org.openqa.selenium.remote.RemoteWebDriver.execute(RemoteWebDriver.java:551)
	at org.openqa.selenium.remote.ElementLocation$ElementFinder$2.findElement(ElementLocation.java:162)
	at org.openqa.selenium.remote.ElementLocation.findElement(ElementLocation.java:60)
	at org.openqa.selenium.remote.RemoteWebDriver.findElement(RemoteWebDriver.java:369)
	at org.openqa.selenium.remote.RemoteWebDriver.findElement(RemoteWebDriver.java:361)
	at org.openqa.selenium.support.pagefactory.DefaultElementLocator.findElement(DefaultElementLocator.java:70)
	at org.openqa.selenium.support.pagefactory.internal.LocatingElementHandler.invoke(LocatingElementHandler.java:39)
	at jdk.proxy2/jdk.proxy2.$Proxy23.isDisplayed(Unknown Source)
	at pageobjectmodel.ELLoginPage.test3(ELLoginPage.java:52)
	at stepDefination.ElLoginStepDef.it_should_display_the_dashboard(ElLoginStepDef.java:46)
	at ✽.It should display the dashboard(file:///C:/Users/TOSHIBA/eclipse-workspace/CucumberWithTestNG/./Features/Login.feature:8)
]]></failure>
    <system-out><![CDATA[[DEBUG] Resolution chrome=110 in cache (valid until 14:08:02 27/02/2023 IST)
[DEBUG] Resolution chrome110=110.0.5481.77 in cache (valid until 13:08:02 28/02/2023 IST)
[INFO] Using chromedriver 110.0.5481.77 (resolved driver for Chrome 110)
[DEBUG] Driver chromedriver 110.0.5481.77 found in cache
[INFO] Exporting webdriver.chrome.driver as C:\Windows\system32\config\systemprofile\.cache\selenium\chromedriver\win32\110.0.5481.77\chromedriver.exe
[DEBUG] Using SLF4J as the default logging framework
[DEBUG] -Dio.netty.leakDetection.level: simple
[DEBUG] -Dio.netty.leakDetection.targetRecords: 4
[DEBUG] Loaded default ResourceLeakDetector: io.netty.util.ResourceLeakDetector@557286ad
[DEBUG] -Dio.netty.noUnsafe: false
[DEBUG] Java version: 17
[DEBUG] sun.misc.Unsafe.theUnsafe: available
[DEBUG] sun.misc.Unsafe.copyMemory: available
[DEBUG] sun.misc.Unsafe.storeFence: available
[DEBUG] java.nio.Buffer.address: available
[DEBUG] direct buffer constructor: unavailable: Reflective setAccessible(true) disabled
[DEBUG] java.nio.Bits.unaligned: available, true
[DEBUG] jdk.internal.misc.Unsafe.allocateUninitializedArray(int): unavailable: class io.netty.util.internal.PlatformDependent0$7 cannot access class jdk.internal.misc.Unsafe (in module java.base) because module java.base does not export jdk.internal.misc to unnamed module @45b9a632
[DEBUG] java.nio.DirectByteBuffer.<init>(long, int): unavailable
[DEBUG] sun.misc.Unsafe: available
[DEBUG] maxDirectMemory: 4253024256 bytes (maybe)
[DEBUG] -Dio.netty.tmpdir: C:\Windows\TEMP (java.io.tmpdir)
[DEBUG] -Dio.netty.bitMode: 64 (sun.arch.data.model)
[DEBUG] Platform: Windows
[DEBUG] -Dio.netty.maxDirectMemory: -1 bytes
[DEBUG] -Dio.netty.uninitializedArrayAllocationThreshold: -1
[DEBUG] java.nio.ByteBuffer.cleaner(): available
[DEBUG] -Dio.netty.noPreferDirect: false
[DEBUG] org.jctools-core.MpscChunkedArrayQueue: available
[DEBUG] -Dio.netty.threadLocalMap.stringBuilder.initialSize: 1024
[DEBUG] -Dio.netty.threadLocalMap.stringBuilder.maxSize: 4096
[DEBUG] Default protocols (JDK): [TLSv1.3, TLSv1.2] 
[DEBUG] Default cipher suites (JDK): [TLS_ECDHE_ECDSA_WITH_AES_256_GCM_SHA384, TLS_ECDHE_ECDSA_WITH_AES_128_GCM_SHA256, TLS_ECDHE_RSA_WITH_AES_128_GCM_SHA256, TLS_ECDHE_RSA_WITH_AES_256_GCM_SHA384, TLS_ECDHE_RSA_WITH_AES_128_CBC_SHA, TLS_ECDHE_RSA_WITH_AES_256_CBC_SHA, TLS_RSA_WITH_AES_128_GCM_SHA256, TLS_RSA_WITH_AES_128_CBC_SHA, TLS_RSA_WITH_AES_256_CBC_SHA, TLS_AES_128_GCM_SHA256, TLS_AES_256_GCM_SHA384]
[DEBUG] -Dio.netty.eventLoopThreads: 8
[DEBUG] -Dio.netty.noKeySetOptimization: false
[DEBUG] -Dio.netty.selectorAutoRebuildThreshold: 512
[DEBUG] -Dio.netty.allocator.numHeapArenas: 8
[DEBUG] -Dio.netty.allocator.numDirectArenas: 8
[DEBUG] -Dio.netty.allocator.pageSize: 8192
[DEBUG] -Dio.netty.allocator.maxOrder: 9
[DEBUG] -Dio.netty.allocator.chunkSize: 4194304
[DEBUG] -Dio.netty.allocator.smallCacheSize: 256
[DEBUG] -Dio.netty.allocator.normalCacheSize: 64
[DEBUG] -Dio.netty.allocator.maxCachedBufferCapacity: 32768
[DEBUG] -Dio.netty.allocator.cacheTrimInterval: 8192
[DEBUG] -Dio.netty.allocator.cacheTrimIntervalMillis: 0
[DEBUG] -Dio.netty.allocator.useCacheForAllThreads: false
[DEBUG] -Dio.netty.allocator.maxCachedByteBuffersPerChunk: 1023
[DEBUG] -Dio.netty.allocator.type: pooled
[DEBUG] -Dio.netty.threadLocalDirectBufferSize: 0
[DEBUG] -Dio.netty.maxThreadLocalCharBufferSize: 16384
[DEBUG] -Dio.netty.processId: 10212 (auto-detected)
[DEBUG] -Djava.net.preferIPv4Stack: false
[DEBUG] -Djava.net.preferIPv6Addresses: false
[DEBUG] Loopback interface: lo (Software Loopback Interface 1, 127.0.0.1)
[DEBUG] Failed to get SOMAXCONN from sysctl and file \proc\sys\net\core\somaxconn. Default: 200
[DEBUG] -Dio.netty.machineId: 10:02:b5:ff:fe:1e:67:3e (auto-detected)
[DEBUG] -Dio.netty.buffer.checkAccessible: true
[DEBUG] -Dio.netty.buffer.checkBounds: true
[DEBUG] Loaded default ResourceLeakDetector: io.netty.util.ResourceLeakDetector@776577ed
[DEBUG] Using new Channel '[id: 0x60d068da, L:/127.0.0.1:54004 - R:localhost/127.0.0.1:62272]' for 'POST' to '/session'
[DEBUG] -Dio.netty.recycler.maxCapacityPerThread: 4096
[DEBUG] -Dio.netty.recycler.ratio: 8
[DEBUG] -Dio.netty.recycler.chunkSize: 32
[DEBUG] -Dio.netty.recycler.blocking: false
[DEBUG] brotli4j not in the classpath; Brotli support will be unavailable.
[DEBUG] 

Request DefaultHttpRequest(decodeResult: success, version: HTTP/1.1)
POST /session HTTP/1.1
User-Agent: selenium/4.2.1 (java windows)
Content-Length: 365
Content-Type: application/json; charset=utf-8
host: localhost:62272
accept: */*

Response DefaultHttpResponse(decodeResult: success, version: HTTP/1.1)
HTTP/1.1 200 OK
Content-Type: application/json; charset=utf-8
cache-control: no-cache
content-length: 776

[DEBUG] Adding key: http://localhost:62272 for channel [id: 0x60d068da, L:/127.0.0.1:54004 - R:localhost/127.0.0.1:62272]
[DEBUG] Using new Channel '[id: 0x5fe5a0d0, L:/127.0.0.1:54013 - R:localhost/127.0.0.1:54005]' for 'GET' to '/json/version'
[DEBUG] 

Request DefaultFullHttpRequest(decodeResult: success, version: HTTP/1.1, content: EmptyByteBufBE)
GET /json/version HTTP/1.1
User-Agent: selenium/4.2.1 (java windows)
host: localhost:54005
accept: */*

Response DefaultHttpResponse(decodeResult: success, version: HTTP/1.1)
HTTP/1.1 200 OK
Content-Security-Policy: frame-ancestors 'none'
Content-Type: application/json; charset=UTF-8
content-length: 424

[DEBUG] Adding key: http://localhost:54005 for channel [id: 0x5fe5a0d0, L:/127.0.0.1:54013 - R:localhost/127.0.0.1:54005]
[DEBUG] -Dio.netty.initialSeedUniquifier: 0x079ee9dbbef4ac5d
[DEBUG] Using new Channel '[id: 0x7eb09ab0, L:/127.0.0.1:54014 - R:localhost/127.0.0.1:54005]' for 'GET' to '/devtools/browser/d746816d-5dd7-4dd5-9a6c-63590ef9ba61'
[DEBUG] 

Request DefaultFullHttpRequest(decodeResult: success, version: HTTP/1.1, content: EmptyByteBufBE)
GET /devtools/browser/d746816d-5dd7-4dd5-9a6c-63590ef9ba61 HTTP/1.1
upgrade: websocket
connection: upgrade
sec-websocket-key: tZa97pUxrCwVp9dcI+RpWA==
sec-websocket-version: 13
origin: http://localhost:54005
host: localhost:54005
accept: */*
user-agent: AHC/2.1

Response DefaultHttpResponse(decodeResult: success, version: HTTP/1.1)
HTTP/1.1 101 WebSocket Protocol Handshake
Upgrade: WebSocket
Connection: Upgrade
Sec-WebSocket-Accept: yLbCuiK1P5qNR4le35Q+A5zqPB8=

[DEBUG] Entry count for : http://localhost:62272 : 1
[DEBUG] Entry count for : http://localhost:54005 : 1
[DEBUG] Using pooled Channel '[id: 0x60d068da, L:/127.0.0.1:54004 - R:localhost/127.0.0.1:62272]' for 'POST' to 'http://localhost:62272/session/c181734cfde7ca09b32e3455410526a5/url'
[DEBUG] Using open Channel [id: 0x60d068da, L:/127.0.0.1:54004 - R:localhost/127.0.0.1:62272] for POST '/session/c181734cfde7ca09b32e3455410526a5/url'
[DEBUG] Entry count for : http://localhost:54005 : 1
[DEBUG] Entry count for : http://localhost:54005 : 1
[DEBUG] Entry count for : http://localhost:54005 : 1
[DEBUG] Entry count for : http://localhost:54005 : 1
[DEBUG] Entry count for : http://localhost:54005 : 1
[DEBUG] Entry count for : http://localhost:54005 : 1
[DEBUG] Entry count for : http://localhost:54005 : 1
[DEBUG] Entry count for : http://localhost:54005 : 1
[DEBUG] Entry count for : http://localhost:54005 : 1
[DEBUG] Entry count for : http://localhost:54005 : 1
[DEBUG] Entry count for : http://localhost:54005 : 1
[DEBUG] Entry count for : http://localhost:54005 : 1
[DEBUG] Entry count for : http://localhost:54005 : 1
[DEBUG] Entry count for : http://localhost:54005 : 1
[DEBUG] Entry count for : http://localhost:54005 : 1
[DEBUG] Entry count for : http://localhost:54005 : 1
[DEBUG] 

Request DefaultHttpRequest(decodeResult: success, version: HTTP/1.1)
POST /session/c181734cfde7ca09b32e3455410526a5/url HTTP/1.1
User-Agent: selenium/4.2.1 (java windows)
Content-Length: 64
Content-Type: application/json; charset=utf-8
host: localhost:62272
accept: */*

Response DefaultHttpResponse(decodeResult: success, version: HTTP/1.1)
HTTP/1.1 200 OK
Content-Type: application/json; charset=utf-8
cache-control: no-cache
content-length: 14

[DEBUG] Adding key: http://localhost:62272 for channel [id: 0x60d068da, L:/127.0.0.1:54004 - R:localhost/127.0.0.1:62272]
[DEBUG] Entry count for : http://localhost:62272 : 1
[DEBUG] Entry count for : http://localhost:54005 : 1
[DEBUG] Using pooled Channel '[id: 0x60d068da, L:/127.0.0.1:54004 - R:localhost/127.0.0.1:62272]' for 'POST' to 'http://localhost:62272/session/c181734cfde7ca09b32e3455410526a5/element'
[DEBUG] Using open Channel [id: 0x60d068da, L:/127.0.0.1:54004 - R:localhost/127.0.0.1:62272] for POST '/session/c181734cfde7ca09b32e3455410526a5/element'
[DEBUG] 

Request DefaultHttpRequest(decodeResult: success, version: HTTP/1.1)
POST /session/c181734cfde7ca09b32e3455410526a5/element HTTP/1.1
User-Agent: selenium/4.2.1 (java windows)
Content-Length: 59
Content-Type: application/json; charset=utf-8
host: localhost:62272
accept: */*

Response DefaultHttpResponse(decodeResult: success, version: HTTP/1.1)
HTTP/1.1 200 OK
Content-Type: application/json; charset=utf-8
cache-control: no-cache
content-length: 88

[DEBUG] Adding key: http://localhost:62272 for channel [id: 0x60d068da, L:/127.0.0.1:54004 - R:localhost/127.0.0.1:62272]
[DEBUG] Using pooled Channel '[id: 0x60d068da, L:/127.0.0.1:54004 - R:localhost/127.0.0.1:62272]' for 'POST' to 'http://localhost:62272/session/c181734cfde7ca09b32e3455410526a5/element/fa8c7079-11d3-4540-94f8-e5f8475fa1a5/value'
[DEBUG] Using open Channel [id: 0x60d068da, L:/127.0.0.1:54004 - R:localhost/127.0.0.1:62272] for POST '/session/c181734cfde7ca09b32e3455410526a5/element/fa8c7079-11d3-4540-94f8-e5f8475fa1a5/value'
[DEBUG] 

Request DefaultHttpRequest(decodeResult: success, version: HTTP/1.1)
POST /session/c181734cfde7ca09b32e3455410526a5/element/fa8c7079-11d3-4540-94f8-e5f8475fa1a5/value HTTP/1.1
User-Agent: selenium/4.2.1 (java windows)
Content-Length: 301
Content-Type: application/json; charset=utf-8
host: localhost:62272
accept: */*

Response DefaultHttpResponse(decodeResult: success, version: HTTP/1.1)
HTTP/1.1 200 OK
Content-Type: application/json; charset=utf-8
cache-control: no-cache
content-length: 14

[DEBUG] Adding key: http://localhost:62272 for channel [id: 0x60d068da, L:/127.0.0.1:54004 - R:localhost/127.0.0.1:62272]
[DEBUG] Using pooled Channel '[id: 0x60d068da, L:/127.0.0.1:54004 - R:localhost/127.0.0.1:62272]' for 'POST' to 'http://localhost:62272/session/c181734cfde7ca09b32e3455410526a5/element'
[DEBUG] Using open Channel [id: 0x60d068da, L:/127.0.0.1:54004 - R:localhost/127.0.0.1:62272] for POST '/session/c181734cfde7ca09b32e3455410526a5/element'
[DEBUG] 

Request DefaultHttpRequest(decodeResult: success, version: HTTP/1.1)
POST /session/c181734cfde7ca09b32e3455410526a5/element HTTP/1.1
User-Agent: selenium/4.2.1 (java windows)
Content-Length: 62
Content-Type: application/json; charset=utf-8
host: localhost:62272
accept: */*

Response DefaultHttpResponse(decodeResult: success, version: HTTP/1.1)
HTTP/1.1 200 OK
Content-Type: application/json; charset=utf-8
cache-control: no-cache
content-length: 88

[DEBUG] Adding key: http://localhost:62272 for channel [id: 0x60d068da, L:/127.0.0.1:54004 - R:localhost/127.0.0.1:62272]
[DEBUG] Using pooled Channel '[id: 0x60d068da, L:/127.0.0.1:54004 - R:localhost/127.0.0.1:62272]' for 'POST' to 'http://localhost:62272/session/c181734cfde7ca09b32e3455410526a5/element/88d87129-64d1-4dc0-9141-da4852e175cd/value'
[DEBUG] Using open Channel [id: 0x60d068da, L:/127.0.0.1:54004 - R:localhost/127.0.0.1:62272] for POST '/session/c181734cfde7ca09b32e3455410526a5/element/88d87129-64d1-4dc0-9141-da4852e175cd/value'
[DEBUG] 

Request DefaultHttpRequest(decodeResult: success, version: HTTP/1.1)
POST /session/c181734cfde7ca09b32e3455410526a5/element/88d87129-64d1-4dc0-9141-da4852e175cd/value HTTP/1.1
User-Agent: selenium/4.2.1 (java windows)
Content-Length: 161
Content-Type: application/json; charset=utf-8
host: localhost:62272
accept: */*

Response DefaultHttpResponse(decodeResult: success, version: HTTP/1.1)
HTTP/1.1 200 OK
Content-Type: application/json; charset=utf-8
cache-control: no-cache
content-length: 14

[DEBUG] Adding key: http://localhost:62272 for channel [id: 0x60d068da, L:/127.0.0.1:54004 - R:localhost/127.0.0.1:62272]
[DEBUG] Using pooled Channel '[id: 0x60d068da, L:/127.0.0.1:54004 - R:localhost/127.0.0.1:62272]' for 'POST' to 'http://localhost:62272/session/c181734cfde7ca09b32e3455410526a5/element'
[DEBUG] Using open Channel [id: 0x60d068da, L:/127.0.0.1:54004 - R:localhost/127.0.0.1:62272] for POST '/session/c181734cfde7ca09b32e3455410526a5/element'
[DEBUG] 

Request DefaultHttpRequest(decodeResult: success, version: HTTP/1.1)
POST /session/c181734cfde7ca09b32e3455410526a5/element HTTP/1.1
User-Agent: selenium/4.2.1 (java windows)
Content-Length: 83
Content-Type: application/json; charset=utf-8
host: localhost:62272
accept: */*

Response DefaultHttpResponse(decodeResult: success, version: HTTP/1.1)
HTTP/1.1 200 OK
Content-Type: application/json; charset=utf-8
cache-control: no-cache
content-length: 88

[DEBUG] Adding key: http://localhost:62272 for channel [id: 0x60d068da, L:/127.0.0.1:54004 - R:localhost/127.0.0.1:62272]
[DEBUG] Using pooled Channel '[id: 0x60d068da, L:/127.0.0.1:54004 - R:localhost/127.0.0.1:62272]' for 'POST' to 'http://localhost:62272/session/c181734cfde7ca09b32e3455410526a5/element/1e2a2ee8-b73a-4075-a830-daf4920683d9/click'
[DEBUG] Using open Channel [id: 0x60d068da, L:/127.0.0.1:54004 - R:localhost/127.0.0.1:62272] for POST '/session/c181734cfde7ca09b32e3455410526a5/element/1e2a2ee8-b73a-4075-a830-daf4920683d9/click'
[DEBUG] 

Request DefaultHttpRequest(decodeResult: success, version: HTTP/1.1)
POST /session/c181734cfde7ca09b32e3455410526a5/element/1e2a2ee8-b73a-4075-a830-daf4920683d9/click HTTP/1.1
User-Agent: selenium/4.2.1 (java windows)
Content-Length: 50
Content-Type: application/json; charset=utf-8
host: localhost:62272
accept: */*

Response DefaultHttpResponse(decodeResult: success, version: HTTP/1.1)
HTTP/1.1 200 OK
Content-Type: application/json; charset=utf-8
cache-control: no-cache
content-length: 14

[DEBUG] Adding key: http://localhost:62272 for channel [id: 0x60d068da, L:/127.0.0.1:54004 - R:localhost/127.0.0.1:62272]
[DEBUG] Entry count for : http://localhost:62272 : 1
[DEBUG] Entry count for : http://localhost:54005 : 1
[DEBUG] Entry count for : http://localhost:62272 : 1
[DEBUG] Entry count for : http://localhost:54005 : 1
[DEBUG] Using pooled Channel '[id: 0x60d068da, L:/127.0.0.1:54004 - R:localhost/127.0.0.1:62272]' for 'POST' to 'http://localhost:62272/session/c181734cfde7ca09b32e3455410526a5/element'
[DEBUG] Using open Channel [id: 0x60d068da, L:/127.0.0.1:54004 - R:localhost/127.0.0.1:62272] for POST '/session/c181734cfde7ca09b32e3455410526a5/element'
[DEBUG] 

Request DefaultHttpRequest(decodeResult: success, version: HTTP/1.1)
POST /session/c181734cfde7ca09b32e3455410526a5/element HTTP/1.1
User-Agent: selenium/4.2.1 (java windows)
Content-Length: 89
Content-Type: application/json; charset=utf-8
host: localhost:62272
accept: */*

Response DefaultHttpResponse(decodeResult: success, version: HTTP/1.1)
HTTP/1.1 404 Not Found
Content-Type: application/json; charset=utf-8
cache-control: no-cache
content-length: 978

[DEBUG] Adding key: http://localhost:62272 for channel [id: 0x60d068da, L:/127.0.0.1:54004 - R:localhost/127.0.0.1:62272]
[DEBUG] Using pooled Channel '[id: 0x60d068da, L:/127.0.0.1:54004 - R:localhost/127.0.0.1:62272]' for 'GET' to 'http://localhost:62272/session/c181734cfde7ca09b32e3455410526a5/screenshot'
[DEBUG] Using open Channel [id: 0x60d068da, L:/127.0.0.1:54004 - R:localhost/127.0.0.1:62272] for GET '/session/c181734cfde7ca09b32e3455410526a5/screenshot'
[DEBUG] 

Request DefaultFullHttpRequest(decodeResult: success, version: HTTP/1.1, content: EmptyByteBufBE)
GET /session/c181734cfde7ca09b32e3455410526a5/screenshot HTTP/1.1
User-Agent: selenium/4.2.1 (java windows)
Cache-Control: no-cache
Content-Type: application/json; charset=utf-8
host: localhost:62272
accept: */*

Response DefaultHttpResponse(decodeResult: success, version: HTTP/1.1)
HTTP/1.1 200 OK
Content-Type: application/json; charset=utf-8
cache-control: no-cache
content-length: 14164

[DEBUG] Adding key: http://localhost:62272 for channel [id: 0x60d068da, L:/127.0.0.1:54004 - R:localhost/127.0.0.1:62272]
]]></system-out>
    <system-err><![CDATA[Starting ChromeDriver 110.0.5481.77 (65ed616c6e8ee3fe0ad64fe83796c020644d42af-refs/branch-heads/5481@{#839}) on port 62272
Only local connections are allowed.
Please see https://chromedriver.chromium.org/security-considerations for suggestions on keeping ChromeDriver safe.
ChromeDriver was started successfully.
[1677483983.245][WARNING]: virtual void DevToolsClientImpl::AddListener(DevToolsEventListener *) subscribing a listener to the already connected DevToolsClient. Connection notification will not arrive.
Feb 27, 2023 1:16:23 PM org.openqa.selenium.remote.ProtocolHandshake createSession
INFO: Detected upstream dialect: W3C
Feb 27, 2023 1:16:23 PM org.openqa.selenium.devtools.CdpVersionFinder findNearestMatch
WARNING: Unable to find an exact match for CDP version 110, so returning the closest version found: a no-op implementation
Feb 27, 2023 1:16:23 PM org.openqa.selenium.devtools.CdpVersionFinder findNearestMatch
INFO: Unable to find CDP implementation matching 110.
Feb 27, 2023 1:16:23 PM org.openqa.selenium.chromium.ChromiumDriver lambda$new$3
WARNING: Unable to find version of CDP to use for . You may need to include a dependency on a specific version of the CDP using something similar to `org.seleniumhq.selenium:selenium-devtools-v86:4.2.1` where the version ("v86") matches the version of the chromium-based browser you're using and the version number of the artifact is the same as Selenium's.
]]></system-err>
  </testcase>
</testsuite>